c:\users\s171102\documents\visual studio 2015\projects\zombie\zombie\debug\vc140.pdb
c:\users\s171102\documents\visual studio 2015\projects\zombie\zombie\debug\vc140.idb
c:\users\s171102\documents\visual studio 2015\projects\zombie\zombie\debug\game.obj
c:\users\s171102\documents\visual studio 2015\projects\zombie\zombie\debug\source.obj
c:\users\s171102\documents\visual studio 2015\projects\zombie\zombie\debug\zombie.obj
l:\projects\zombie\zombie\debug\vc140.pdb
l:\projects\zombie\zombie\debug\vc140.idb
l:\projects\zombie\zombie\debug\game.obj
l:\projects\zombie\zombie\debug\source.obj
l:\projects\zombie\zombie\debug\zombie.obj
c:\users\s171102\documents\github\prog1styr\projects\zombie\zombie\debug\vc140.pdb
c:\users\s171102\documents\github\prog1styr\projects\zombie\zombie\debug\vc140.idb
c:\users\s171102\documents\github\prog1styr\projects\zombie\zombie\debug\game.obj
c:\users\s171102\documents\github\prog1styr\projects\zombie\zombie\debug\vampire.obj
c:\users\s171102\documents\github\prog1styr\projects\zombie\zombie\debug\zombie.obj
c:\users\s171102\documents\visual studio 2015\projects\zombie\debug\zombie.ilk
c:\users\s171102\documents\visual studio 2015\projects\zombie\debug\zombie.exe
c:\users\s171102\documents\visual studio 2015\projects\zombie\debug\zombie.pdb
l:\projects\zombie\debug\zombie.ilk
l:\projects\zombie\debug\zombie.exe
l:\projects\zombie\debug\zombie.pdb
c:\users\s171102\documents\github\prog1styr\projects\zombie\debug\zombie.pdb
c:\users\s171102\documents\github\prog1styr\projects\zombie\debug\zombie.exe
c:\users\s171102\documents\github\prog1styr\projects\zombie\debug\zombie.ilk
c:\users\s171102\documents\github\prog1styr\projects\zombie\zombie\debug\zombie.tlog\cl.command.1.tlog
c:\users\s171102\documents\github\prog1styr\projects\zombie\zombie\debug\zombie.tlog\cl.read.1.tlog
c:\users\s171102\documents\github\prog1styr\projects\zombie\zombie\debug\zombie.tlog\cl.write.1.tlog
c:\users\s171102\documents\github\prog1styr\projects\zombie\zombie\debug\zombie.tlog\link.command.1.tlog
c:\users\s171102\documents\github\prog1styr\projects\zombie\zombie\debug\zombie.tlog\link.read.1.tlog
c:\users\s171102\documents\github\prog1styr\projects\zombie\zombie\debug\zombie.tlog\link.write.1.tlog
