f:\uni\random programs\aiebootstrap with math\aiebootstrap\temp\bootstrap\debug\bootstrap.pdb
f:\uni\random programs\aiebootstrap with math\aiebootstrap\temp\bootstrap\debug\bootstrap.idb
f:\uni\random programs\aiebootstrap with math\aiebootstrap\temp\bootstrap\debug\imgui.obj
f:\uni\random programs\aiebootstrap with math\aiebootstrap\temp\bootstrap\debug\imgui_draw.obj
f:\uni\random programs\aiebootstrap with math\aiebootstrap\temp\bootstrap\debug\application.obj
f:\uni\random programs\aiebootstrap with math\aiebootstrap\temp\bootstrap\debug\audio.obj
f:\uni\random programs\aiebootstrap with math\aiebootstrap\temp\bootstrap\debug\font.obj
f:\uni\random programs\aiebootstrap with math\aiebootstrap\temp\bootstrap\debug\gizmos.obj
f:\uni\random programs\aiebootstrap with math\aiebootstrap\temp\bootstrap\debug\imgui_glfw3.obj
f:\uni\random programs\aiebootstrap with math\aiebootstrap\temp\bootstrap\debug\input.obj
f:\uni\random programs\aiebootstrap with math\aiebootstrap\temp\bootstrap\debug\renderer2d.obj
f:\uni\random programs\aiebootstrap with math\aiebootstrap\temp\bootstrap\debug\soundmanager.obj
f:\uni\random programs\aiebootstrap with math\aiebootstrap\temp\bootstrap\debug\texture.obj
f:\uni\random programs\aiebootstrap with math\aiebootstrap\temp\bootstrap\debug\gl_core_4_4.obj
f:\uni\random programs\aiebootstrap with math\aiebootstrap\temp\bootstrap\debug\bootstrap.lib
f:\uni\random programs\aiebootstrap with math\aiebootstrap\temp\bootstrap\debug\bootstrap.tlog\cl.read.1.tlog
f:\uni\random programs\aiebootstrap with math\aiebootstrap\temp\bootstrap\debug\bootstrap.tlog\cl.write.1.tlog
f:\uni\random programs\aiebootstrap with math\aiebootstrap\temp\bootstrap\debug\bootstrap.tlog\cl.command.1.tlog
f:\uni\random programs\aiebootstrap with math\aiebootstrap\temp\bootstrap\debug\bootstrap.tlog\lib-link.read.1.tlog
f:\uni\random programs\aiebootstrap with math\aiebootstrap\temp\bootstrap\debug\bootstrap.tlog\lib-link.write.1.tlog
f:\uni\random programs\aiebootstrap with math\aiebootstrap\temp\bootstrap\debug\bootstrap.tlog\lib.command.1.tlog
